# JRE version: OpenJDK Runtime Environment (17.0.7) (build 17.0.7+0-b2043.56-10550314)
# Java VM: OpenJDK 64-Bit Server VM (17.0.7+0-b2043.56-10550314, mixed mode, tiered, compressed oops, compressed class ptrs, g1 gc, windows-amd64)
GC Precious Log:
 CPUs: 12 total, 12 available
 Memory: 15706M
 Large Page Support: Disabled
 NUMA Support: Disabled
 Compressed Oops: Enabled (32-bit)
 Heap Region Size: 1M
 Heap Min Capacity: 8M
 Heap Initial Capacity: 246M
 Heap Max Capacity: 2G
 Pre-touch: Disabled
 Parallel Workers: 10
 Concurrent Workers: 3
 Concurrent Refinement Workers: 10
 Periodic GC: Disabled
Heap:
 garbage-first heap   total 132096K, used 102397K [0x0000000080000000, 0x0000000100000000)
  region size 1024K, 42 young (43008K), 6 survivors (6144K)
 Metaspace       used 89769K, committed 90432K, reserved 1179648K
  class space    used 12315K, committed 12608K, reserved 1048576K
GC Heap History (20 events):
Event: 8.809 GC heap before
{Heap before GC invocations=18 (full 0):
 garbage-first heap   total 96256K, used 75349K [0x0000000080000000, 0x0000000100000000)
  region size 1024K, 29 young (29696K), 3 survivors (3072K)
 Metaspace       used 62179K, committed 62720K, reserved 1114112K
  class space    used 8269K, committed 8512K, reserved 1048576K
}
Event: 8.814 GC heap after
{Heap after GC invocations=19 (full 0):
 garbage-first heap   total 96256K, used 50301K [0x0000000080000000, 0x0000000100000000)
  region size 1024K, 3 young (3072K), 3 survivors (3072K)
 Metaspace       used 62179K, committed 62720K, reserved 1114112K
  class space    used 8269K, committed 8512K, reserved 1048576K
}
Event: 9.260 GC heap before
{Heap before GC invocations=20 (full 0):
 garbage-first heap   total 96256K, used 73853K [0x0000000080000000, 0x0000000100000000)
  region size 1024K, 27 young (27648K), 3 survivors (3072K)
 Metaspace       used 66307K, committed 66944K, reserved 1114112K
  class space    used 8841K, committed 9152K, reserved 1048576K
}
Event: 9.265 GC heap after
{Heap after GC invocations=21 (full 0):
 garbage-first heap   total 96256K, used 52749K [0x0000000080000000, 0x0000000100000000)
  region size 1024K, 4 young (4096K), 4 survivors (4096K)
 Metaspace       used 66307K, committed 66944K, reserved 1114112K
  class space    used 8841K, committed 9152K, reserved 1048576K
}
Event: 9.312 GC heap before
{Heap before GC invocations=22 (full 0):
 garbage-first heap   total 107520K, used 65037K [0x0000000080000000, 0x0000000100000000)
  region size 1024K, 13 young (13312K), 4 survivors (4096K)
 Metaspace       used 66312K, committed 66944K, reserved 1114112K
  class space    used 8841K, committed 9152K, reserved 1048576K
}
Event: 9.317 GC heap after
{Heap after GC invocations=23 (full 0):
 garbage-first heap   total 107520K, used 58580K [0x0000000080000000, 0x0000000100000000)
  region size 1024K, 4 young (4096K), 4 survivors (4096K)
 Metaspace       used 66312K, committed 66944K, reserved 1114112K
  class space    used 8841K, committed 9152K, reserved 1048576K
}
Event: 9.545 GC heap before
{Heap before GC invocations=24 (full 0):
 garbage-first heap   total 109568K, used 81108K [0x0000000080000000, 0x0000000100000000)
  region size 1024K, 24 young (24576K), 4 survivors (4096K)
 Metaspace       used 67747K, committed 68288K, reserved 1114112K
  class space    used 9031K, committed 9280K, reserved 1048576K
}
Event: 9.548 GC heap after
{Heap after GC invocations=25 (full 0):
 garbage-first heap   total 109568K, used 56216K [0x0000000080000000, 0x0000000100000000)
  region size 1024K, 3 young (3072K), 3 survivors (3072K)
 Metaspace       used 67747K, committed 68288K, reserved 1114112K
  class space    used 9031K, committed 9280K, reserved 1048576K
}
Event: 9.851 GC heap before
{Heap before GC invocations=25 (full 0):
 garbage-first heap   total 109568K, used 80792K [0x0000000080000000, 0x0000000100000000)
  region size 1024K, 27 young (27648K), 3 survivors (3072K)
 Metaspace       used 69523K, committed 70080K, reserved 1114112K
  class space    used 9279K, committed 9536K, reserved 1048576K
}
Event: 9.854 GC heap after
{Heap after GC invocations=26 (full 0):
 garbage-first heap   total 109568K, used 57098K [0x0000000080000000, 0x0000000100000000)
  region size 1024K, 4 young (4096K), 4 survivors (4096K)
 Metaspace       used 69523K, committed 70080K, reserved 1114112K
  class space    used 9279K, committed 9536K, reserved 1048576K
}
Event: 10.179 GC heap before
{Heap before GC invocations=27 (full 0):
 garbage-first heap   total 109568K, used 81674K [0x0000000080000000, 0x0000000100000000)
  region size 1024K, 29 young (29696K), 4 survivors (4096K)
 Metaspace       used 72213K, committed 72768K, reserved 1114112K
  class space    used 9658K, committed 9920K, reserved 1048576K
}
Event: 10.183 GC heap after
{Heap after GC invocations=28 (full 0):
 garbage-first heap   total 132096K, used 58498K [0x0000000080000000, 0x0000000100000000)
  region size 1024K, 3 young (3072K), 3 survivors (3072K)
 Metaspace       used 72213K, committed 72768K, reserved 1114112K
  class space    used 9658K, committed 9920K, reserved 1048576K
}
Event: 10.725 GC heap before
{Heap before GC invocations=28 (full 0):
 garbage-first heap   total 132096K, used 99458K [0x0000000080000000, 0x0000000100000000)
  region size 1024K, 43 young (44032K), 3 survivors (3072K)
 Metaspace       used 75815K, committed 76352K, reserved 1179648K
  class space    used 10099K, committed 10368K, reserved 1048576K
}
Event: 10.730 GC heap after
{Heap after GC invocations=29 (full 0):
 garbage-first heap   total 132096K, used 61035K [0x0000000080000000, 0x0000000100000000)
  region size 1024K, 5 young (5120K), 5 survivors (5120K)
 Metaspace       used 75815K, committed 76352K, reserved 1179648K
  class space    used 10099K, committed 10368K, reserved 1048576K
}
Event: 11.120 GC heap before
{Heap before GC invocations=29 (full 0):
 garbage-first heap   total 132096K, used 103019K [0x0000000080000000, 0x0000000100000000)
  region size 1024K, 45 young (46080K), 5 survivors (5120K)
 Metaspace       used 78866K, committed 79424K, reserved 1179648K
  class space    used 10589K, committed 10880K, reserved 1048576K
}
Event: 11.126 GC heap after
{Heap after GC invocations=30 (full 0):
 garbage-first heap   total 132096K, used 62347K [0x0000000080000000, 0x0000000100000000)
  region size 1024K, 4 young (4096K), 4 survivors (4096K)
 Metaspace       used 78866K, committed 79424K, reserved 1179648K
  class space    used 10589K, committed 10880K, reserved 1048576K
}
Event: 11.589 GC heap before
{Heap before GC invocations=30 (full 0):
 garbage-first heap   total 132096K, used 105355K [0x0000000080000000, 0x0000000100000000)
  region size 1024K, 46 young (47104K), 4 survivors (4096K)
 Metaspace       used 82257K, committed 82816K, reserved 1179648K
  class space    used 11201K, committed 11456K, reserved 1048576K
}
Event: 11.595 GC heap after
{Heap after GC invocations=31 (full 0):
 garbage-first heap   total 132096K, used 64025K [0x0000000080000000, 0x0000000100000000)
  region size 1024K, 4 young (4096K), 4 survivors (4096K)
 Metaspace       used 82257K, committed 82816K, reserved 1179648K
  class space    used 11201K, committed 11456K, reserved 1048576K
}
Event: 12.089 GC heap before
{Heap before GC invocations=31 (full 0):
 garbage-first heap   total 132096K, used 106009K [0x0000000080000000, 0x0000000100000000)
  region size 1024K, 45 young (46080K), 4 survivors (4096K)
 Metaspace       used 85811K, committed 86464K, reserved 1179648K
  class space    used 11726K, committed 12032K, reserved 1048576K
}
Event: 12.093 GC heap after
{Heap after GC invocations=32 (full 0):
 garbage-first heap   total 132096K, used 66557K [0x0000000080000000, 0x0000000100000000)
  region size 1024K, 6 young (6144K), 6 survivors (6144K)
 Metaspace       used 85811K, committed 86464K, reserved 1179648K
  class space    used 11726K, committed 12032K, reserved 1048576K
}

