# JRE version: OpenJDK Runtime Environment (17.0.7) (build 17.0.7+0-b2043.56-10550314)
# Java VM: OpenJDK 64-Bit Server VM (17.0.7+0-b2043.56-10550314, mixed mode, tiered, compressed oops, compressed class ptrs, g1 gc, windows-amd64)
GC Precious Log:
 CPUs: 12 total, 12 available
 Memory: 15706M
 Large Page Support: Disabled
 NUMA Support: Disabled
 Compressed Oops: Enabled (32-bit)
 Heap Region Size: 1M
 Heap Min Capacity: 8M
 Heap Initial Capacity: 246M
 Heap Max Capacity: 2G
 Pre-touch: Disabled
 Parallel Workers: 10
 Concurrent Workers: 3
 Concurrent Refinement Workers: 10
 Periodic GC: Disabled
Heap:
 garbage-first heap   total 131072K, used 71722K [0x0000000080000000, 0x0000000100000000)
  region size 1024K, 6 young (6144K), 6 survivors (6144K)
 Metaspace       used 91401K, committed 92096K, reserved 1179648K
  class space    used 12537K, committed 12864K, reserved 1048576K
GC Heap History (20 events):
Event: 8.278 GC heap after
{Heap after GC invocations=20 (full 0):
 garbage-first heap   total 99328K, used 51638K [0x0000000080000000, 0x0000000100000000)
  region size 1024K, 5 young (5120K), 5 survivors (5120K)
 Metaspace       used 66252K, committed 66816K, reserved 1114112K
  class space    used 8827K, committed 9088K, reserved 1048576K
}
Event: 8.324 GC heap before
{Heap before GC invocations=21 (full 0):
 garbage-first heap   total 99328K, used 63926K [0x0000000080000000, 0x0000000100000000)
  region size 1024K, 14 young (14336K), 5 survivors (5120K)
 Metaspace       used 66256K, committed 66880K, reserved 1114112K
  class space    used 8827K, committed 9088K, reserved 1048576K
}
Event: 8.328 GC heap after
{Heap after GC invocations=22 (full 0):
 garbage-first heap   total 99328K, used 57491K [0x0000000080000000, 0x0000000100000000)
  region size 1024K, 4 young (4096K), 4 survivors (4096K)
 Metaspace       used 66256K, committed 66880K, reserved 1114112K
  class space    used 8827K, committed 9088K, reserved 1048576K
}
Event: 8.501 GC heap before
{Heap before GC invocations=23 (full 0):
 garbage-first heap   total 106496K, used 75923K [0x0000000080000000, 0x0000000100000000)
  region size 1024K, 21 young (21504K), 4 survivors (4096K)
 Metaspace       used 67443K, committed 67968K, reserved 1114112K
  class space    used 8989K, committed 9216K, reserved 1048576K
}
Event: 8.504 GC heap after
{Heap after GC invocations=24 (full 0):
 garbage-first heap   total 106496K, used 54993K [0x0000000080000000, 0x0000000100000000)
  region size 1024K, 3 young (3072K), 3 survivors (3072K)
 Metaspace       used 67443K, committed 67968K, reserved 1114112K
  class space    used 8989K, committed 9216K, reserved 1048576K
}
Event: 8.745 GC heap before
{Heap before GC invocations=24 (full 0):
 garbage-first heap   total 106496K, used 78545K [0x0000000080000000, 0x0000000100000000)
  region size 1024K, 26 young (26624K), 3 survivors (3072K)
 Metaspace       used 69175K, committed 69696K, reserved 1114112K
  class space    used 9224K, committed 9472K, reserved 1048576K
}
Event: 8.748 GC heap after
{Heap after GC invocations=25 (full 0):
 garbage-first heap   total 106496K, used 56602K [0x0000000080000000, 0x0000000100000000)
  region size 1024K, 4 young (4096K), 4 survivors (4096K)
 Metaspace       used 69175K, committed 69696K, reserved 1114112K
  class space    used 9224K, committed 9472K, reserved 1048576K
}
Event: 9.024 GC heap before
{Heap before GC invocations=26 (full 0):
 garbage-first heap   total 106496K, used 80154K [0x0000000080000000, 0x0000000100000000)
  region size 1024K, 28 young (28672K), 4 survivors (4096K)
 Metaspace       used 71552K, committed 72064K, reserved 1114112K
  class space    used 9562K, committed 9792K, reserved 1048576K
}
Event: 9.027 GC heap after
{Heap after GC invocations=27 (full 0):
 garbage-first heap   total 131072K, used 57183K [0x0000000080000000, 0x0000000100000000)
  region size 1024K, 3 young (3072K), 3 survivors (3072K)
 Metaspace       used 71552K, committed 72064K, reserved 1114112K
  class space    used 9562K, committed 9792K, reserved 1048576K
}
Event: 9.439 GC heap before
{Heap before GC invocations=27 (full 0):
 garbage-first heap   total 131072K, used 98143K [0x0000000080000000, 0x0000000100000000)
  region size 1024K, 43 young (44032K), 3 survivors (3072K)
 Metaspace       used 75330K, committed 75840K, reserved 1179648K
  class space    used 10036K, committed 10240K, reserved 1048576K
}
Event: 9.444 GC heap after
{Heap after GC invocations=28 (full 0):
 garbage-first heap   total 131072K, used 59699K [0x0000000080000000, 0x0000000100000000)
  region size 1024K, 5 young (5120K), 5 survivors (5120K)
 Metaspace       used 75330K, committed 75840K, reserved 1179648K
  class space    used 10036K, committed 10240K, reserved 1048576K
}
Event: 9.797 GC heap before
{Heap before GC invocations=28 (full 0):
 garbage-first heap   total 131072K, used 101683K [0x0000000080000000, 0x0000000100000000)
  region size 1024K, 45 young (46080K), 5 survivors (5120K)
 Metaspace       used 78469K, committed 79104K, reserved 1179648K
  class space    used 10506K, committed 10816K, reserved 1048576K
}
Event: 9.801 GC heap after
{Heap after GC invocations=29 (full 0):
 garbage-first heap   total 131072K, used 61005K [0x0000000080000000, 0x0000000100000000)
  region size 1024K, 4 young (4096K), 4 survivors (4096K)
 Metaspace       used 78469K, committed 79104K, reserved 1179648K
  class space    used 10506K, committed 10816K, reserved 1048576K
}
Event: 10.314 GC heap before
{Heap before GC invocations=29 (full 0):
 garbage-first heap   total 131072K, used 104013K [0x0000000080000000, 0x0000000100000000)
  region size 1024K, 46 young (47104K), 4 survivors (4096K)
 Metaspace       used 81928K, committed 82496K, reserved 1179648K
  class space    used 11148K, committed 11456K, reserved 1048576K
}
Event: 10.319 GC heap after
{Heap after GC invocations=30 (full 0):
 garbage-first heap   total 131072K, used 62874K [0x0000000080000000, 0x0000000100000000)
  region size 1024K, 4 young (4096K), 4 survivors (4096K)
 Metaspace       used 81928K, committed 82496K, reserved 1179648K
  class space    used 11148K, committed 11456K, reserved 1048576K
}
Event: 10.810 GC heap before
{Heap before GC invocations=30 (full 0):
 garbage-first heap   total 131072K, used 104858K [0x0000000080000000, 0x0000000100000000)
  region size 1024K, 45 young (46080K), 4 survivors (4096K)
 Metaspace       used 85358K, committed 85952K, reserved 1179648K
  class space    used 11666K, committed 11968K, reserved 1048576K
}
Event: 10.817 GC heap after
{Heap after GC invocations=31 (full 0):
 garbage-first heap   total 131072K, used 65098K [0x0000000080000000, 0x0000000100000000)
  region size 1024K, 6 young (6144K), 6 survivors (6144K)
 Metaspace       used 85358K, committed 85952K, reserved 1179648K
  class space    used 11666K, committed 11968K, reserved 1048576K
}
Event: 11.264 GC heap before
{Heap before GC invocations=32 (full 0):
 garbage-first heap   total 131072K, used 106058K [0x0000000080000000, 0x0000000100000000)
  region size 1024K, 46 young (47104K), 6 survivors (6144K)
 Metaspace       used 89672K, committed 90240K, reserved 1179648K
  class space    used 12306K, committed 12608K, reserved 1048576K
}
Event: 11.269 GC heap after
{Heap after GC invocations=33 (full 0):
 garbage-first heap   total 131072K, used 67698K [0x0000000080000000, 0x0000000100000000)
  region size 1024K, 5 young (5120K), 5 survivors (5120K)
 Metaspace       used 89672K, committed 90240K, reserved 1179648K
  class space    used 12306K, committed 12608K, reserved 1048576K
}
Event: 11.628 GC heap before
{Heap before GC invocations=33 (full 0):
 garbage-first heap   total 131072K, used 107634K [0x0000000080000000, 0x0000000100000000)
  region size 1024K, 44 young (45056K), 5 survivors (5120K)
 Metaspace       used 91401K, committed 92096K, reserved 1179648K
  class space    used 12537K, committed 12864K, reserved 1048576K
}

